[debug] > Exec(early(addDefaultCommands), None, None)
[debug] > Exec(addDefaultCommands, None, None)
[debug] > Exec(early(initialize), None, None)
[debug] > Exec(initialize, None, None)
[debug] > Exec(early(addPluginSbtFile="""C:\Users\Elena\AppData\Local\Temp\idea.sbt"""), None, None)
[debug] > Exec(addPluginSbtFile="""C:\Users\Elena\AppData\Local\Temp\idea.sbt""", None, None)
[debug] > Exec(boot, None, None)
[debug] > Exec(writeSbtVersion, None, None)
[debug] > Exec(reload, None, None)
[debug] > Exec(sbtStashOnFailure, None, None)
[debug] > Exec(onFailure loadFailed, None, None)
[debug] > Exec(loadp, None, None)
[info] welcome to sbt 1.11.3 (Oracle Corporation Java 23.0.2)
[debug]       Load.loadUnit: plugins took 52.0852ms
[debug]       Load.loadUnit: defsScala took 0.2383ms
[debug] [Loading] Scanning directory C:\Users\Elena\.sbt\1.0\plugins
[debug] [Loading] Found non-root projects 
[debug] [Loading] Done in C:\Users\Elena\.sbt\1.0\plugins, returning: ()
[debug] deducing auto plugins based on known facts Set(Atom(sbt.plugins.CorePlugin)) and clauses Clauses(Clause(Atom(sbt.plugins.JvmPlugin),Set(Atom(sbt.plugins.IvyPlugin)))
[debug] Clause(Atom(sbt.ScriptedPlugin),Set(Atom(sbt.plugins.JvmPlugin)))
[debug] Clause(Atom(sbt.plugins.SbtPlugin),Set(Atom(sbt.ScriptedPlugin)))
[debug] Clause(Atom(sbt.plugins.SemanticdbPlugin),Set(Atom(sbt.plugins.JvmPlugin)))
[debug] Clause(Atom(sbt.plugins.JUnitXmlReportPlugin),Set(Atom(sbt.plugins.JvmPlugin)))
[debug] Clause(Atom(sbt.plugins.MiniDependencyTreePlugin),Set(Atom(sbt.plugins.JvmPlugin)))
[debug] Clause(Atom(sbt.plugins.CorePlugin),Set(Atom(sbt.plugins.IvyPlugin)))
[debug] Clause(Atom(sbt.plugins.IvyPlugin),Set(Atom(sbt.plugins.JvmPlugin)))
[debug] Clause(Atom(sbt.plugins.JvmPlugin),Set(Atom(sbt.plugins.SemanticdbPlugin)))
[debug] Clause(Atom(sbt.plugins.JvmPlugin),Set(Atom(sbt.plugins.JUnitXmlReportPlugin)))
[debug] Clause(Atom(sbt.plugins.CorePlugin),Set(Atom(sbt.plugins.Giter8TemplatePlugin)))
[debug] Clause(Atom(sbt.plugins.JvmPlugin),Set(Atom(sbt.plugins.MiniDependencyTreePlugin))))
[debug]   :: deduced result: Matched(sbt.plugins.CorePlugin,sbt.plugins.Giter8TemplatePlugin,sbt.plugins.IvyPlugin,sbt.plugins.JvmPlugin,sbt.plugins.MiniDependencyTreePlugin,sbt.plugins.JUnitXmlReportPlugin,sbt.plugins.SemanticdbPlugin)
[debug] Plugins.deducer#function took 8.9396 ms
[debug]           Load.resolveProject(global-plugins) took 24.6417ms
[debug]         Load.loadTransitive: finalizeProject(Project(id global-plugins, base: C:\Users\Elena\.sbt\1.0\plugins, plugins: List(<none>))) took 44.0161ms
[debug] [Loading] Done in C:\Users\Elena\.sbt\1.0\plugins, returning: (global-plugins)
[debug]       Load.loadUnit: loadedProjectsRaw took 58.8174ms
[debug]       Load.loadUnit: cleanEvalClasses took 0.1298ms
[debug]     Load.loadUnit(file:/C:/Users/Elena/.sbt/1.0/plugins/, ...) took 119.4081ms
[debug]   Load.apply: load took 276.2027ms
[debug]   Load.apply: resolveProjects took 9.8212ms
[debug]   Load.apply: finalTransforms took 56.6995ms
[debug]   Load.apply: config.delegates took 12.3348ms
[debug]   Load.apply: Def.make(settings)... took 492.3638ms
[debug]   Load.apply: structureIndex took 155.399ms
[debug]   Load.apply: mkStreams took 5.2112ms
[info] loading global plugins from C:\Users\Elena\.sbt\1.0\plugins
[debug] Running task... Cancel: Signal, check cycles: false, forcegc: true
[debug] Load.defaultLoad until apply took 3572.3156ms
[debug]           Load.loadUnit: plugins took 20.0816ms
[debug]           Load.loadUnit: defsScala took 0.0021ms
[debug] [Loading] Scanning directory C:\Users\Elena\Desktop\PCD\pcd-2025-2026-assignement-1\assignments\assignment-04\project
[debug]             Load.loadUnit: mkEval took 8.4024ms
[debug] [Loading] Found non-root projects 
[debug] [Loading] Done in C:\Users\Elena\Desktop\PCD\pcd-2025-2026-assignement-1\assignments\assignment-04\project, returning: ()
[debug] deducing auto plugins based on known facts Set(Atom(sbt.plugins.CorePlugin)) and clauses Clauses(Clause(Atom(sbt.plugins.JvmPlugin),Set(Atom(sbt.plugins.IvyPlugin)))
[debug] Clause(Atom(sbt.ScriptedPlugin),Set(Atom(sbt.plugins.JvmPlugin)))
[debug] Clause(Atom(sbt.plugins.SbtPlugin),Set(Atom(sbt.ScriptedPlugin)))
[debug] Clause(Atom(sbt.plugins.SemanticdbPlugin),Set(Atom(sbt.plugins.JvmPlugin)))
[debug] Clause(Atom(sbt.plugins.JUnitXmlReportPlugin),Set(Atom(sbt.plugins.JvmPlugin)))
[debug] Clause(Atom(sbt.plugins.MiniDependencyTreePlugin),Set(Atom(sbt.plugins.JvmPlugin)))
[debug] Clause(Atom(sbt.plugins.CorePlugin),Set(Atom(sbt.plugins.IvyPlugin)))
[debug] Clause(Atom(sbt.plugins.IvyPlugin),Set(Atom(sbt.plugins.JvmPlugin)))
[debug] Clause(Atom(sbt.plugins.JvmPlugin),Set(Atom(sbt.plugins.SemanticdbPlugin)))
[debug] Clause(Atom(sbt.plugins.JvmPlugin),Set(Atom(sbt.plugins.JUnitXmlReportPlugin)))
[debug] Clause(Atom(sbt.plugins.CorePlugin),Set(Atom(sbt.plugins.Giter8TemplatePlugin)))
[debug] Clause(Atom(sbt.plugins.JvmPlugin),Set(Atom(sbt.plugins.MiniDependencyTreePlugin))))
[debug]   :: deduced result: Matched(sbt.plugins.CorePlugin,sbt.plugins.Giter8TemplatePlugin,sbt.plugins.IvyPlugin,sbt.plugins.JvmPlugin,sbt.plugins.MiniDependencyTreePlugin,sbt.plugins.JUnitXmlReportPlugin,sbt.plugins.SemanticdbPlugin)
[debug] Plugins.deducer#function took 1.2435 ms
[info] loading settings for project assignment-04-build from idea.sbt...
[debug]               Load.resolveProject(assignment-04-build) took 2.836ms
[debug]             Load.loadTransitive: finalizeProject(Project(id assignment-04-build, base: C:\Users\Elena\Desktop\PCD\pcd-2025-2026-assignement-1\assignments\assignment-04\project, plugins: List(<none>))) took 4.4532ms
[debug] [Loading] Done in C:\Users\Elena\Desktop\PCD\pcd-2025-2026-assignement-1\assignments\assignment-04\project, returning: (assignment-04-build)
[debug]           Load.loadUnit: loadedProjectsRaw took 1934.4626ms
[debug]           Load.loadUnit: cleanEvalClasses took 4.1702ms
[debug]         Load.loadUnit(file:/C:/Users/Elena/Desktop/PCD/pcd-2025-2026-assignement-1/assignments/assignment-04/project/, ...) took 1959.4725ms
[debug]       Load.apply: load took 1960.4651ms
[debug]       Load.apply: resolveProjects took 0.1104ms
[debug]       Load.apply: finalTransforms took 6.0178ms
[debug]       Load.apply: config.delegates took 0.3993ms
[debug]       Load.apply: Def.make(settings)... took 60.5007ms
[debug]       Load.apply: structureIndex took 14.8783ms
[debug]       Load.apply: mkStreams took 0.0028ms
[info] loading project definition from C:\Users\Elena\Desktop\PCD\pcd-2025-2026-assignement-1\assignments\assignment-04\project
[debug] Running task... Cancel: Signal, check cycles: false, forcegc: true
[debug]     Load.loadUnit: plugins took 2345.4511ms
[debug]     Load.loadUnit: defsScala took 0.0023ms
[debug] [Loading] Scanning directory C:\Users\Elena\Desktop\PCD\pcd-2025-2026-assignement-1\assignments\assignment-04
[debug]       Load.loadUnit: mkEval took 0.5144ms
[debug] [Loading] Found non-root projects 
[debug] [Loading] Done in C:\Users\Elena\Desktop\PCD\pcd-2025-2026-assignement-1\assignments\assignment-04, returning: ()
[debug] deducing auto plugins based on known facts Set(Atom(sbt.plugins.CorePlugin)) and clauses Clauses(Clause(Atom(sbt.plugins.JvmPlugin),Set(Atom(sbt.plugins.IvyPlugin)))
[debug] Clause(Atom(sbt.ScriptedPlugin),Set(Atom(sbt.plugins.JvmPlugin)))
[debug] Clause(Atom(sbt.plugins.SbtPlugin),Set(Atom(sbt.ScriptedPlugin)))
[debug] Clause(Atom(sbt.plugins.SemanticdbPlugin),Set(Atom(sbt.plugins.JvmPlugin)))
[debug] Clause(Atom(sbt.plugins.JUnitXmlReportPlugin),Set(Atom(sbt.plugins.JvmPlugin)))
[debug] Clause(Atom(sbt.plugins.MiniDependencyTreePlugin),Set(Atom(sbt.plugins.JvmPlugin)))
[debug] Clause(Atom(org.jetbrains.sbt.GenerateAllManagedSourcesPlugin),Set(Atom(sbt.plugins.JvmPlugin)))
[debug] Clause(Atom(org.jetbrains.sbt.StructurePlugin),Set(Atom(sbt.plugins.JvmPlugin)))
[debug] Clause(Atom(org.jetbrains.sbt.IdeaShellPlugin),Set(Atom(sbt.plugins.JvmPlugin)))
[debug] Clause(Atom(sbt.plugins.CorePlugin),Set(Atom(sbt.plugins.IvyPlugin)))
[debug] Clause(Atom(sbt.plugins.IvyPlugin),Set(Atom(sbt.plugins.JvmPlugin)))
[debug] Clause(Atom(sbt.plugins.JvmPlugin),Set(Atom(sbt.plugins.SemanticdbPlugin)))
[debug] Clause(Atom(sbt.plugins.JvmPlugin),Set(Atom(sbt.plugins.JUnitXmlReportPlugin)))
[debug] Clause(Atom(sbt.plugins.CorePlugin),Set(Atom(sbt.plugins.Giter8TemplatePlugin)))
[debug] Clause(Atom(sbt.plugins.JvmPlugin),Set(Atom(sbt.plugins.MiniDependencyTreePlugin)))
[debug] Clause(Atom(sbt.plugins.JvmPlugin),Set(Atom(org.jetbrains.sbt.GenerateAllManagedSourcesPlugin)))
[debug] Clause(Atom(sbt.plugins.JvmPlugin),Set(Atom(org.jetbrains.sbt.StructurePlugin)))
[debug] Clause(Atom(sbt.plugins.JvmPlugin),Set(Atom(org.jetbrains.sbt.IdeaShellPlugin))))
[debug]   :: deduced result: Matched(sbt.plugins.CorePlugin,sbt.plugins.Giter8TemplatePlugin,sbt.plugins.IvyPlugin,sbt.plugins.JvmPlugin,org.jetbrains.sbt.GenerateAllManagedSourcesPlugin,sbt.plugins.SemanticdbPlugin,sbt.plugins.JUnitXmlReportPlugin,org.jetbrains.sbt.IdeaShellPlugin,org.jetbrains.sbt.StructurePlugin,sbt.plugins.MiniDependencyTreePlugin)
[debug] Plugins.deducer#function took 1.59 ms
[info] loading settings for project assignment-04 from build.sbt...
[debug]         Load.resolveProject(assignment-04) took 116.1258ms
[debug]       Load.loadTransitive: finalizeProject(Project(id assignment-04, base: C:\Users\Elena\Desktop\PCD\pcd-2025-2026-assignement-1\assignments\assignment-04, plugins: List(<none>))) took 118.211ms
[debug] [Loading] Done in C:\Users\Elena\Desktop\PCD\pcd-2025-2026-assignement-1\assignments\assignment-04, returning: (assignment-04)
[debug]     Load.loadUnit: loadedProjectsRaw took 1112.0383ms
[debug]     Load.loadUnit: cleanEvalClasses took 16.373ms
[debug]   Load.loadUnit(file:/C:/Users/Elena/Desktop/PCD/pcd-2025-2026-assignement-1/assignments/assignment-04/, ...) took 3474.6629ms
[debug] Load.apply: load took 3476.5256ms
[debug] Load.apply: resolveProjects took 0.0926ms
[debug] Load.apply: finalTransforms took 15.5772ms
[debug] Load.apply: config.delegates took 0.2616ms
[debug] Load.apply: Def.make(settings)... took 52.681ms
[debug] Load.apply: structureIndex took 13.23ms
[debug] Load.apply: mkStreams took 0.0028ms
[info] set current project to assignment-4 (in build file:/C:/Users/Elena/Desktop/PCD/pcd-2025-2026-assignement-1/assignments/assignment-04/)
[debug] > Exec(sbtPopOnFailure, None, None)
[debug] > Exec(resumeFromFailure, None, None)
[debug] > Exec(notifyUsersAboutShell, None, None)
[debug] > Exec(iflast shell, None, None)
[debug] > Exec(idea-shell, None, None)
